<?xml version="1.0" encoding="UTF-8"?>
<!-- Generated by org.testng.reporters.JUnitReportReporter -->
<testsuite hostname="LAPTOP-09AFOE6P" failures="0" tests="5" name="testrunner.LoginPage_TestRunner" time="86.756" errors="0" timestamp="2023-10-29T23:29:54 IST" skipped="0">
  <testcase classname="testrunner.LoginPage_TestRunner" name="doLogin" time="19.259"/>
  <testcase classname="testrunner.LoginPage_TestRunner" name="doLogInWithInvalidCreds" time="13.427"/>
  <testcase classname="testrunner.LoginPage_TestRunner" name="doLogInWithInvalidpassword" time="20.020"/>
  <testcase classname="testrunner.LoginPage_TestRunner" name="doLogInWithoutCreds" time="16.372"/>
  <testcase classname="testrunner.LoginPage_TestRunner" name="doLogout" time="17.678"/>
</testsuite> <!-- testrunner.LoginPage_TestRunner -->
